[01:02:07.054745][info]基类模块初始化完成: binance_md
[01:02:07.054757][info]======================SUNNY TRADE MD INIT =========================
[01:02:08.014376][info]连接1统计初始化完成（类型：Spot）
[01:02:08.059074][info]连接1成功建立
[01:02:08.142292][info]连接1成功连接到stream.binance.com
[01:02:08.142556][info]连接1已订阅3个交易对（aggTrade + bookTicker）
[01:02:08.142566][info]连接2统计初始化完成（类型：Spot）
[01:02:08.162912][info]连接2成功建立
[01:02:08.243338][info]连接2成功连接到stream.binance.com
[01:02:08.243477][info]连接2已订阅3个交易对（aggTrade + bookTicker）
[01:02:08.243487][info]连接3统计初始化完成（类型：Spot）
[01:02:08.252121][info]连接3成功建立
[01:02:08.344224][info]连接3成功连接到stream.binance.com
[01:02:08.344338][info]连接3已订阅3个交易对（aggTrade + bookTicker）
[01:02:08.344362][info]连接100统计初始化完成（类型：UBase(Future)）
[01:02:08.353413][info]连接100成功建立
[01:02:08.445082][info]连接100成功连接到fstream.binance.com
[01:02:08.445194][info]连接100已订阅2个交易对（aggTrade + bookTicker）
[01:02:08.445198][info]连接101统计初始化完成（类型：UBase(Future)）
[01:02:08.456760][info]连接101成功建立
[01:02:08.493134][info]msg received {"result":null,"id":100}
[01:02:08.493162][info]msg received {"result":null,"id":100}
[01:02:08.545953][info]连接101成功连接到fstream.binance.com
[01:02:08.546066][info]连接101已订阅2个交易对（aggTrade + bookTicker）
[01:02:08.546196][info]所有连接初始化完成：Spot(3), UBase(Future)(2)
[01:02:08.651344][info]msg received {"result":null,"id":101}
[01:02:08.651370][info]msg received {"result":null,"id":101}
[01:02:13.546376][info]
==================== 连接速度对比（延迟单位：微秒） ====================
[01:02:13.546464][info]Spot 连接统计：
[01:19:40.824882][info]基类模块初始化完成: binance_md
[01:19:40.824894][info]======================SUNNY TRADE MD INIT =========================
[01:19:41.714846][info]连接1统计初始化完成（类型：Spot）
[01:19:41.777563][info]连接1成功建立
[01:19:41.830995][info]连接1成功连接到stream.binance.com
[01:19:41.831191][info]连接1已订阅3个交易对（aggTrade + bookTicker）
[01:19:41.831206][info]连接2统计初始化完成（类型：Spot）
[01:19:41.853800][info]连接2成功建立
[01:19:41.931872][info]连接2成功连接到stream.binance.com
[01:19:41.932051][info]连接2已订阅3个交易对（aggTrade + bookTicker）
[01:19:41.932058][info]连接3统计初始化完成（类型：Spot）
[01:19:41.962351][info]连接3成功建立
[01:19:42.032839][info]连接3成功连接到stream.binance.com
[01:19:42.032949][info]连接3已订阅3个交易对（aggTrade + bookTicker）
[01:19:42.032974][info]连接100统计初始化完成（类型：UBase(Future)）
[01:19:42.087280][info]连接100成功建立
[01:19:42.133649][info]连接100成功连接到fstream.binance.com
[01:19:42.133748][info]连接100已订阅2个交易对（aggTrade + bookTicker）
[01:19:42.133761][info]连接101统计初始化完成（类型：UBase(Future)）
[01:19:42.147592][info]连接101成功建立
[01:19:42.226498][info]msg received {"result":null,"id":100}
[01:19:42.226527][info]msg received {"result":null,"id":100}
[01:19:42.234421][info]连接101成功连接到fstream.binance.com
[01:19:42.234524][info]连接101已订阅2个交易对（aggTrade + bookTicker）
[01:19:42.234697][info]所有连接初始化完成：Spot(3), UBase(Future)(2)
[01:19:42.278959][info]msg received {"result":null,"id":101}
[01:19:42.379548][info]msg received {"result":null,"id":101}
[01:19:47.261642][info]
==================== 连接速度对比（延迟单位：微秒） ====================
[01:19:47.261700][info]Spot 连接统计：
[01:41:32.189848][info]基类模块初始化完成: binance_md
[01:41:32.189859][info]======================SUNNY TRADE MD INIT =========================
[01:41:32.894888][info]连接1统计初始化完成（类型：Spot）
[01:41:32.935803][info]连接1成功建立
[01:41:33.014716][info]连接1成功连接到stream.binance.com
[01:41:33.014891][info]连接1已订阅3个交易对（aggTrade + bookTicker）
[01:41:33.014902][info]连接2统计初始化完成（类型：Spot）
[01:41:33.023744][info]连接2成功建立
[01:41:33.115547][info]连接2成功连接到stream.binance.com
[01:41:33.115644][info]连接2已订阅3个交易对（aggTrade + bookTicker）
[01:41:33.115655][info]连接3统计初始化完成（类型：Spot）
[01:41:33.123628][info]连接3成功建立
[01:41:33.228446][info]连接3成功连接到stream.binance.com
[01:41:33.228548][info]连接3已订阅3个交易对（aggTrade + bookTicker）
[01:41:33.228785][info]连接100统计初始化完成（类型：UBase(Future)）
[01:41:33.237820][info]连接100成功建立
[01:41:33.329466][info]连接100成功连接到fstream.binance.com
[01:41:33.329568][info]连接100已订阅2个交易对（aggTrade + bookTicker）
[01:41:33.329579][info]连接101统计初始化完成（类型：UBase(Future)）
[01:41:33.337840][info]连接101成功建立
[01:41:33.423045][info]msg received {"result":null,"id":100}
[01:41:33.423076][info]msg received {"result":null,"id":100}
[01:41:33.430289][info]连接101成功连接到fstream.binance.com
[01:41:33.430387][info]连接101已订阅2个交易对（aggTrade + bookTicker）
[01:41:33.430525][info]所有连接初始化完成：Spot(3), UBase(Future)(2)
[01:41:33.512836][info]msg received {"result":null,"id":101}
[01:41:33.512862][info]msg received {"result":null,"id":101}
[01:41:38.453381][info]
==================== 连接速度对比（延迟单位：微秒） ====================
[01:41:38.453454][info]Spot 连接统计：
