[21:50:29.373758][info]基类模块初始化完成: UnnamedModule
[21:50:29.374071][info]======================SUNNY TRADE MD INIT =========================
[21:50:29.633016][info]连接1统计初始化完成（类型：Spot）
[21:50:29.648209][info]连接1成功建立
[21:50:29.737416][info]连接1成功连接到stream.binance.com
[21:50:29.737982][info]连接1已订阅3个交易对（aggTrade + bookTicker）
[21:50:29.737997][info]连接2统计初始化完成（类型：Spot）
[21:50:29.751494][info]连接2成功建立
[21:50:29.841427][info]连接2成功连接到stream.binance.com
[21:50:29.841825][info]连接2已订阅3个交易对（aggTrade + bookTicker）
[21:50:29.841834][info]连接3统计初始化完成（类型：Spot）
[21:50:29.856259][info]连接3成功建立
[21:50:29.947417][info]连接3成功连接到stream.binance.com
[21:50:29.947524][info]连接3已订阅3个交易对（aggTrade + bookTicker）
[21:50:29.947550][info]连接100统计初始化完成（类型：UBase(Future)）
[21:50:29.961529][info]连接100成功建立
[21:50:30.048224][info]连接100成功连接到fstream.binance.com
[21:50:30.055704][info]连接100已订阅2个交易对（aggTrade + bookTicker）
[21:50:30.056039][info]连接101统计初始化完成（类型：UBase(Future)）
[21:50:30.066641][info]连接101成功建立
[21:50:30.157417][info]连接101成功连接到fstream.binance.com
[21:50:30.157530][info]连接101已订阅2个交易对（aggTrade + bookTicker）
[21:50:30.157663][info]所有连接初始化完成：Spot(3), UBase(Future)(2)
[21:50:30.157665][error]行情连接初始化失败
[21:50:30.157742][info]行情接收线程启动
[21:50:32.333435][info]开始停止行情模块...
[21:50:32.336280][info]行情接收线程退出
[21:50:33.343341][info]行情线程已正常停止
[21:50:33.343355][info]开始释放Binance行情资源（Spot+UBase）...
[21:50:35.160416][info]
==================== 连接速度对比（延迟单位：微秒） ====================
[21:50:35.160444][info]Spot 连接统计：
[23:05:33.380383][info]基类模块初始化完成: UnnamedModule
[23:05:33.380418][info]======================SUNNY TRADE MD INIT =========================
[23:05:34.046573][info]连接1统计初始化完成（类型：Spot）
[23:05:34.087687][info]连接1成功建立
[23:05:34.154433][info]连接1成功连接到stream.binance.com
[23:05:34.154658][info]连接1已订阅3个交易对（aggTrade + bookTicker）
[23:05:34.154662][info]连接2统计初始化完成（类型：Spot）
[23:05:34.164279][info]连接2成功建立
[23:05:34.255344][info]连接2成功连接到stream.binance.com
[23:05:34.255484][info]连接2已订阅3个交易对（aggTrade + bookTicker）
[23:05:34.255488][info]连接3统计初始化完成（类型：Spot）
[23:05:34.269479][info]连接3成功建立
[23:05:34.356173][info]连接3成功连接到stream.binance.com
[23:05:34.356316][info]连接3已订阅3个交易对（aggTrade + bookTicker）
[23:05:34.356346][info]连接100统计初始化完成（类型：UBase(Future)）
[23:05:34.370130][info]连接100成功建立
[23:05:34.457035][info]连接100成功连接到fstream.binance.com
[23:05:34.457155][info]连接100已订阅2个交易对（aggTrade + bookTicker）
[23:05:34.457208][info]连接101统计初始化完成（类型：UBase(Future)）
[23:05:34.478924][info]连接101成功建立
[23:05:34.515609][info]msg received {"result":null,"id":100}
[23:05:34.515888][info]msg received {"result":null,"id":100}
[23:05:34.557921][info]连接101成功连接到fstream.binance.com
[23:05:34.558040][info]连接101已订阅2个交易对（aggTrade + bookTicker）
[23:05:34.558155][info]所有连接初始化完成：Spot(3), UBase(Future)(2)
[23:05:34.558157][error]行情连接初始化失败
[23:05:34.558231][info]行情接收线程启动
[23:05:34.612581][info]msg received {"result":null,"id":101}
[23:05:34.612611][info]msg received {"result":null,"id":101}
[23:05:39.569239][info]
==================== 连接速度对比（延迟单位：微秒） ====================
[23:05:39.569296][info]Spot 连接统计：
[23:05:45.094460][info]开始停止行情模块...
[23:05:45.120393][info]行情接收线程退出
[23:05:46.102893][info]行情线程已正常停止
[23:05:46.106785][info]开始释放Binance行情资源（Spot+UBase）...
